[Wed Nov 27 20:37:11.593286 2024] [ssl:warn] [pid 5776:tid 380] AH01909: www.example.com:443:0 server certificate does NOT include an ID which matches the server name
[Wed Nov 27 20:37:11.618309 2024] [ssl:warn] [pid 5776:tid 380] AH01909: www.example.com:443:0 server certificate does NOT include an ID which matches the server name
[Wed Nov 27 20:37:11.661349 2024] [mpm_winnt:notice] [pid 5776:tid 380] AH00455: Apache/2.4.56 (Win64) OpenSSL/1.1.1t PHP/8.2.4 configured -- resuming normal operations
[Wed Nov 27 20:37:11.661349 2024] [mpm_winnt:notice] [pid 5776:tid 380] AH00456: Apache Lounge VS16 Server built: Mar  7 2023 13:21:03
[Wed Nov 27 20:37:11.661349 2024] [core:notice] [pid 5776:tid 380] AH00094: Command line: 'apache\\bin\\httpd.exe -d C:/moodle_project/MoodleWindowsInstaller-latest-405/server/apache -f conf\\httpd.conf'
[Wed Nov 27 20:37:11.664352 2024] [mpm_winnt:notice] [pid 5776:tid 380] AH00418: Parent: Created child process 1124
Apache server shutdown initiated...
sl:warn] [pid 1124:tid 384] AH01909: www.example.com:443:0 server certificate does NOT include an ID which matches the server name
[Wed Nov 27 20:37:11.914075 2024] [ssl:warn] [pid 1124:tid 384] AH01909: www.example.com:443:0 server certificate does NOT include an ID which matches the server name
[Wed Nov 27 20:37:11.943102 2024] [mpm_winnt:notice] [pid 1124:tid 384] AH00354: Child: Starting 150 worker threads.
[Wed Nov 27 20:39:27.212552 2024] [php:warn] [pid 1124:tid 1944] [client ::1:50337] PHP Warning:  rename(C:\\moodle_project\\MoodleWindowsInstaller-latest-405\\server\\moodledata/cache/cachestore_file/default_application/core_config/502-cache/.6747adaf316b62.60223967.temp,C:\\moodle_project\\MoodleWindowsInstaller-latest-405\\server\\moodledata/cache/cachestore_file/default_application/core_config/502-cache/502019ad0cc557b8fba54963d95f781d78fd266a.cache): Acesso negado (code: 5) in C:\\moodle_project\\MoodleWindowsInstaller-latest-405\\server\\moodle\\cache\\stores\\file\\lib.php on line 868, referer: https://localhost/admin/index.php?cache=0&agreelicense=1&confirmrelease=1&lang=en
[Wed Nov 27 21:55:56.925761 2024] [mpm_winnt:notice] [pid 5776:tid 380] AH00422: Parent: Received shutdown signal -- Shutting down the server.
[Wed Nov 27 21:55:58.947589 2024] [mpm_winnt:notice] [pid 1124:tid 384] AH00364: Child: All worker threads have exited.
[Wed Nov 27 21:55:59.003209 2024] [mpm_winnt:notice] [pid 5776:tid 380] AH00430: Parent: Child process 1124 exited successfully.
[Sun Dec 01 12:51:14.384094 2024] [ssl:warn] [pid 13528:tid 376] AH01909: www.example.com:443:0 server certificate does NOT include an ID which matches the server name
[Sun Dec 01 12:51:14.413942 2024] [ssl:warn] [pid 13528:tid 376] AH01909: www.example.com:443:0 server certificate does NOT include an ID which matches the server name
[Sun Dec 01 12:51:15.837080 2024] [mpm_winnt:notice] [pid 13528:tid 376] AH00455: Apache/2.4.56 (Win64) OpenSSL/1.1.1t PHP/8.2.4 configured -- resuming normal operations
[Sun Dec 01 12:51:15.837080 2024] [mpm_winnt:notice] [pid 13528:tid 376] AH00456: Apache Lounge VS16 Server built: Mar  7 2023 13:21:03
[Sun Dec 01 12:51:15.837080 2024] [core:notice] [pid 13528:tid 376] AH00094: Command line: 'apache\\bin\\httpd.exe -d C:/moodle_project/MoodleWindowsInstaller-latest-405/server/apache -f conf\\httpd.conf'
[Sun Dec 01 12:51:15.840084 2024] [mpm_winnt:notice] [pid 13528:tid 376] AH00418: Parent: Created child process 3884
[Sun Dec 01 12:51:16.055278 2024] [ssl:warn] [pid 3884:tid 372] AH01909: www.example.com:443:0 server certificate does NOT include an ID which matches the server name
[Sun Dec 01 12:51:16.078381 2024] [ssl:warn] [pid 3884:tid 372] AH01909: www.example.com:443:0 server certificate does NOT include an ID which matches the server name
[Sun Dec 01 12:51:16.109008 2024] [mpm_winnt:notice] [pid 3884:tid 372] AH00354: Child: Starting 150 worker threads.
[Sun Dec 01 13:45:46.374808 2024] [php:notice] [pid 3884:tid 1944] [client ::1:57195] Default exception handler: Exception - Call to undefined function xmldb_local_meuplugin_install() Debug: \r\nError code: generalexceptionmessage\n* line 741 of \\lib\\upgradelib.php: Error thrown\n* line 1937 of \\lib\\upgradelib.php: call to upgrade_plugins()\n* line 719 of \\admin\\index.php: call to upgrade_noncore()\n, referer: https://localhost/admin/index.php?cache=0&confirmrelease=1&confirmplugincheck=0&confirmupgrade=1
[Sun Dec 01 13:47:19.208712 2024] [php:warn] [pid 3884:tid 1936] [client ::1:57242] PHP Warning:  rename(C:\\moodle_project\\MoodleWindowsInstaller-latest-405\\server\\moodledata/cache/cachestore_file/default_application/core_config/502-cache/.674c9317306f23.00200102.temp,C:\\moodle_project\\MoodleWindowsInstaller-latest-405\\server\\moodledata/cache/cachestore_file/default_application/core_config/502-cache/502019ad0cc557b8fba54963d95f781d78fd266a.cache): Acesso negado (code: 5) in C:\\moodle_project\\MoodleWindowsInstaller-latest-405\\server\\moodle\\cache\\stores\\file\\lib.php on line 868, referer: https://localhost/admin/index.php?cache=0&confirmrelease=1&confirmplugincheck=1
[Sun Dec 08 21:53:21.601256 2024] [ssl:warn] [pid 796:tid 400] AH01909: www.example.com:443:0 server certificate does NOT include an ID which matches the server name
[Sun Dec 08 21:53:21.624302 2024] [core:warn] [pid 796:tid 400] AH00098: pid file C:/moodle_project/MoodleWindowsInstaller-latest-405/server/apache/logs/httpd.pid overwritten -- Unclean shutdown of previous Apache run?
[Sun Dec 08 21:53:21.626329 2024] [ssl:warn] [pid 796:tid 400] AH01909: www.example.com:443:0 server certificate does NOT include an ID which matches the server name
[Sun Dec 08 21:53:22.218811 2024] [mpm_winnt:notice] [pid 796:tid 400] AH00455: Apache/2.4.56 (Win64) OpenSSL/1.1.1t PHP/8.2.4 configured -- resuming normal operations
[Sun Dec 08 21:53:22.218811 2024] [mpm_winnt:notice] [pid 796:tid 400] AH00456: Apache Lounge VS16 Server built: Mar  7 2023 13:21:03
[Sun Dec 08 21:53:22.218811 2024] [core:notice] [pid 796:tid 400] AH00094: Command line: 'apache\\bin\\httpd.exe -d C:/moodle_project/MoodleWindowsInstaller-latest-405/server/apache -f conf\\httpd.conf'
[Sun Dec 08 21:53:22.222069 2024] [mpm_winnt:notice] [pid 796:tid 400] AH00418: Parent: Created child process 21148
[Sun Dec 08 21:53:22.535098 2024] [ssl:warn] [pid 21148:tid 376] AH01909: www.example.com:443:0 server certificate does NOT include an ID which matches the server name
[Sun Dec 08 21:53:22.556309 2024] [ssl:warn] [pid 21148:tid 376] AH01909: www.example.com:443:0 server certificate does NOT include an ID which matches the server name
[Sun Dec 08 21:53:22.584065 2024] [mpm_winnt:notice] [pid 21148:tid 376] AH00354: Child: Starting 150 worker threads.
[Sun Dec 08 22:01:12.010163 2024] [php:warn] [pid 21148:tid 1944] [client ::1:60957] PHP Warning:  rename(C:\\moodle_project\\MoodleWindowsInstaller-latest-405\\server\\moodledata/cache/cachestore_file/default_application/core_config/502-cache/.675641580055c3.17717877.temp,C:\\moodle_project\\MoodleWindowsInstaller-latest-405\\server\\moodledata/cache/cachestore_file/default_application/core_config/502-cache/502019ad0cc557b8fba54963d95f781d78fd266a.cache): Acesso negado (code: 5) in C:\\moodle_project\\MoodleWindowsInstaller-latest-405\\server\\moodle\\cache\\stores\\file\\lib.php on line 868, referer: https://localhost/admin/index.php?cache=0&confirmrelease=1&confirmplugincheck=1
[Sun Dec 08 22:01:12.010163 2024] [php:warn] [pid 21148:tid 1968] [client ::1:60958] PHP Warning:  rename(C:\\moodle_project\\MoodleWindowsInstaller-latest-405\\server\\moodledata/cache/cachestore_file/default_application/core_config/502-cache/.67564158003051.03916411.temp,C:\\moodle_project\\MoodleWindowsInstaller-latest-405\\server\\moodledata/cache/cachestore_file/default_application/core_config/502-cache/502019ad0cc557b8fba54963d95f781d78fd266a.cache): Acesso negado (code: 5) in C:\\moodle_project\\MoodleWindowsInstaller-latest-405\\server\\moodle\\cache\\stores\\file\\lib.php on line 868, referer: https://localhost/admin/index.php?cache=0&confirmrelease=1&confirmplugincheck=1
